  DXUT.cpp
c:\program files (x86)\microsoft directx sdk (june 2010)\include\dxgitype.h(12): warning C4005: 'DXGI_STATUS_OCCLUDED': 매크로 재정의
  c:\program files (x86)\windows kits\10\include\10.0.17763.0\shared\winerror.h(55460): note: 'DXGI_STATUS_OCCLUDED'의 이전 정의를 참조하십시오.
c:\program files (x86)\microsoft directx sdk (june 2010)\include\dxgitype.h(13): warning C4005: 'DXGI_STATUS_CLIPPED': 매크로 재정의
  c:\program files (x86)\windows kits\10\include\10.0.17763.0\shared\winerror.h(55469): note: 'DXGI_STATUS_CLIPPED'의 이전 정의를 참조하십시오.
c:\program files (x86)\microsoft directx sdk (june 2010)\include\dxgitype.h(14): warning C4005: 'DXGI_STATUS_NO_REDIRECTION': 매크로 재정의
  c:\program files (x86)\windows kits\10\include\10.0.17763.0\shared\winerror.h(55478): note: 'DXGI_STATUS_NO_REDIRECTION'의 이전 정의를 참조하십시오.
c:\program files (x86)\microsoft directx sdk (june 2010)\include\dxgitype.h(15): warning C4005: 'DXGI_STATUS_NO_DESKTOP_ACCESS': 매크로 재정의
  c:\program files (x86)\windows kits\10\include\10.0.17763.0\shared\winerror.h(55487): note: 'DXGI_STATUS_NO_DESKTOP_ACCESS'의 이전 정의를 참조하십시오.
c:\program files (x86)\microsoft directx sdk (june 2010)\include\dxgitype.h(16): warning C4005: 'DXGI_STATUS_GRAPHICS_VIDPN_SOURCE_IN_USE': 매크로 재정의
  c:\program files (x86)\windows kits\10\include\10.0.17763.0\shared\winerror.h(55496): note: 'DXGI_STATUS_GRAPHICS_VIDPN_SOURCE_IN_USE'의 이전 정의를 참조하십시오.
c:\program files (x86)\microsoft directx sdk (june 2010)\include\dxgitype.h(17): warning C4005: 'DXGI_STATUS_MODE_CHANGED': 매크로 재정의
  c:\program files (x86)\windows kits\10\include\10.0.17763.0\shared\winerror.h(55505): note: 'DXGI_STATUS_MODE_CHANGED'의 이전 정의를 참조하십시오.
c:\program files (x86)\microsoft directx sdk (june 2010)\include\dxgitype.h(18): warning C4005: 'DXGI_STATUS_MODE_CHANGE_IN_PROGRESS': 매크로 재정의
  c:\program files (x86)\windows kits\10\include\10.0.17763.0\shared\winerror.h(55514): note: 'DXGI_STATUS_MODE_CHANGE_IN_PROGRESS'의 이전 정의를 참조하십시오.
c:\program files (x86)\microsoft directx sdk (june 2010)\include\dxgitype.h(21): warning C4005: 'DXGI_ERROR_INVALID_CALL': 매크로 재정의
  c:\program files (x86)\windows kits\10\include\10.0.17763.0\shared\winerror.h(55529): note: 'DXGI_ERROR_INVALID_CALL'의 이전 정의를 참조하십시오.
c:\program files (x86)\microsoft directx sdk (june 2010)\include\dxgitype.h(22): warning C4005: 'DXGI_ERROR_NOT_FOUND': 매크로 재정의
  c:\program files (x86)\windows kits\10\include\10.0.17763.0\shared\winerror.h(55538): note: 'DXGI_ERROR_NOT_FOUND'의 이전 정의를 참조하십시오.
c:\program files (x86)\microsoft directx sdk (june 2010)\include\dxgitype.h(23): warning C4005: 'DXGI_ERROR_MORE_DATA': 매크로 재정의
  c:\program files (x86)\windows kits\10\include\10.0.17763.0\shared\winerror.h(55547): note: 'DXGI_ERROR_MORE_DATA'의 이전 정의를 참조하십시오.
c:\program files (x86)\microsoft directx sdk (june 2010)\include\dxgitype.h(24): warning C4005: 'DXGI_ERROR_UNSUPPORTED': 매크로 재정의
  c:\program files (x86)\windows kits\10\include\10.0.17763.0\shared\winerror.h(55556): note: 'DXGI_ERROR_UNSUPPORTED'의 이전 정의를 참조하십시오.
c:\program files (x86)\microsoft directx sdk (june 2010)\include\dxgitype.h(25): warning C4005: 'DXGI_ERROR_DEVICE_REMOVED': 매크로 재정의
  c:\program files (x86)\windows kits\10\include\10.0.17763.0\shared\winerror.h(55565): note: 'DXGI_ERROR_DEVICE_REMOVED'의 이전 정의를 참조하십시오.
c:\program files (x86)\microsoft directx sdk (june 2010)\include\dxgitype.h(26): warning C4005: 'DXGI_ERROR_DEVICE_HUNG': 매크로 재정의
  c:\program files (x86)\windows kits\10\include\10.0.17763.0\shared\winerror.h(55574): note: 'DXGI_ERROR_DEVICE_HUNG'의 이전 정의를 참조하십시오.
c:\program files (x86)\microsoft directx sdk (june 2010)\include\dxgitype.h(27): warning C4005: 'DXGI_ERROR_DEVICE_RESET': 매크로 재정의
  c:\program files (x86)\windows kits\10\include\10.0.17763.0\shared\winerror.h(55584): note: 'DXGI_ERROR_DEVICE_RESET'의 이전 정의를 참조하십시오.
c:\program files (x86)\microsoft directx sdk (june 2010)\include\dxgitype.h(28): warning C4005: 'DXGI_ERROR_WAS_STILL_DRAWING': 매크로 재정의
  c:\program files (x86)\windows kits\10\include\10.0.17763.0\shared\winerror.h(55593): note: 'DXGI_ERROR_WAS_STILL_DRAWING'의 이전 정의를 참조하십시오.
c:\program files (x86)\microsoft directx sdk (june 2010)\include\dxgitype.h(29): warning C4005: 'DXGI_ERROR_FRAME_STATISTICS_DISJOINT': 매크로 재정의
  c:\program files (x86)\windows kits\10\include\10.0.17763.0\shared\winerror.h(55603): note: 'DXGI_ERROR_FRAME_STATISTICS_DISJOINT'의 이전 정의를 참조하십시오.
c:\program files (x86)\microsoft directx sdk (june 2010)\include\dxgitype.h(30): warning C4005: 'DXGI_ERROR_GRAPHICS_VIDPN_SOURCE_IN_USE': 매크로 재정의
  c:\program files (x86)\windows kits\10\include\10.0.17763.0\shared\winerror.h(55612): note: 'DXGI_ERROR_GRAPHICS_VIDPN_SOURCE_IN_USE'의 이전 정의를 참조하십시오.
c:\program files (x86)\microsoft directx sdk (june 2010)\include\dxgitype.h(31): warning C4005: 'DXGI_ERROR_DRIVER_INTERNAL_ERROR': 매크로 재정의
  c:\program files (x86)\windows kits\10\include\10.0.17763.0\shared\winerror.h(55622): note: 'DXGI_ERROR_DRIVER_INTERNAL_ERROR'의 이전 정의를 참조하십시오.
c:\program files (x86)\microsoft directx sdk (june 2010)\include\dxgitype.h(32): warning C4005: 'DXGI_ERROR_NONEXCLUSIVE': 매크로 재정의
  c:\program files (x86)\windows kits\10\include\10.0.17763.0\shared\winerror.h(55631): note: 'DXGI_ERROR_NONEXCLUSIVE'의 이전 정의를 참조하십시오.
c:\program files (x86)\microsoft directx sdk (june 2010)\include\dxgitype.h(33): warning C4005: 'DXGI_ERROR_NOT_CURRENTLY_AVAILABLE': 매크로 재정의
  c:\program files (x86)\windows kits\10\include\10.0.17763.0\shared\winerror.h(55640): note: 'DXGI_ERROR_NOT_CURRENTLY_AVAILABLE'의 이전 정의를 참조하십시오.
c:\program files (x86)\microsoft directx sdk (june 2010)\include\dxgitype.h(34): warning C4005: 'DXGI_ERROR_REMOTE_CLIENT_DISCONNECTED': 매크로 재정의
  c:\program files (x86)\windows kits\10\include\10.0.17763.0\shared\winerror.h(55650): note: 'DXGI_ERROR_REMOTE_CLIENT_DISCONNECTED'의 이전 정의를 참조하십시오.
c:\program files (x86)\microsoft directx sdk (june 2010)\include\dxgitype.h(35): warning C4005: 'DXGI_ERROR_REMOTE_OUTOFMEMORY': 매크로 재정의
  c:\program files (x86)\windows kits\10\include\10.0.17763.0\shared\winerror.h(55659): note: 'DXGI_ERROR_REMOTE_OUTOFMEMORY'의 이전 정의를 참조하십시오.
c:\program files (x86)\microsoft directx sdk (june 2010)\include\d3d10.h(608): warning C4005: 'D3D10_ERROR_TOO_MANY_UNIQUE_STATE_OBJECTS': 매크로 재정의
  c:\program files (x86)\windows kits\10\include\10.0.17763.0\shared\winerror.h(55899): note: 'D3D10_ERROR_TOO_MANY_UNIQUE_STATE_OBJECTS'의 이전 정의를 참조하십시오.
c:\program files (x86)\microsoft directx sdk (june 2010)\include\d3d10.h(609): warning C4005: 'D3D10_ERROR_FILE_NOT_FOUND': 매크로 재정의
  c:\program files (x86)\windows kits\10\include\10.0.17763.0\shared\winerror.h(55908): note: 'D3D10_ERROR_FILE_NOT_FOUND'의 이전 정의를 참조하십시오.
d:\programming\pj\skillcontest3\emptyproject\dxut\core\dxut.cpp(696): warning C4838: 'UINT'에서 'LONG'(으)로의 변환에는 축소 변환이 필요합니다.
d:\programming\pj\skillcontest3\emptyproject\dxut\core\dxut.cpp(697): warning C4838: 'UINT'에서 'LONG'(으)로의 변환에는 축소 변환이 필요합니다.
d:\programming\pj\skillcontest3\emptyproject\dxut\core\dxut.cpp(4961): warning C4996: 'GetVersionExW': deprecated로 선언되었습니다.
  c:\program files (x86)\windows kits\10\include\10.0.17763.0\um\sysinfoapi.h(387): note: 'GetVersionExW' 선언을 참조하십시오.
  AirEnemy1.cpp
  Background.cpp
  BaseScene.cpp
  Bullet.cpp
d:\programming\pj\skillcontest3\emptyproject\bullet.h(38): warning C4244: 'return': 'int'에서 'float'(으)로 변환하면서 데이터가 손실될 수 있습니다.
d:\programming\pj\skillcontest3\emptyproject\bullet.cpp(75): warning C4244: '=': 'int'에서 'float'(으)로 변환하면서 데이터가 손실될 수 있습니다.
d:\programming\pj\skillcontest3\emptyproject\bullet.cpp(76): warning C4244: '=': 'int'에서 'float'(으)로 변환하면서 데이터가 손실될 수 있습니다.
  Camera.cpp
  CameraManager.cpp
  DXUTenum.cpp
  DXUTmisc.cpp
d:\programming\pj\skillcontest3\emptyproject\dxut\core\dxutmisc.cpp(1263): warning C4996: 'GetVersionExA': deprecated로 선언되었습니다.
  c:\program files (x86)\windows kits\10\include\10.0.17763.0\um\sysinfoapi.h(378): note: 'GetVersionExA' 선언을 참조하십시오.
  DXUTcamera.cpp
  DXUTgui.cpp
d:\programming\pj\skillcontest3\emptyproject\dxut\optional\dxutgui.cpp(6846): warning C4458: 'iTexture' 선언은 클래스 멤버를 숨깁니다.
  d:\programming\pj\skillcontest3\emptyproject\dxut\optional\dxutgui.h(109): note: 'CDXUTElement::iTexture' 선언을 참조하십시오.
d:\programming\pj\skillcontest3\emptyproject\dxut\optional\dxutgui.cpp(6860): warning C4458: 'iFont' 선언은 클래스 멤버를 숨깁니다.
  d:\programming\pj\skillcontest3\emptyproject\dxut\optional\dxutgui.h(110): note: 'CDXUTElement::iFont' 선언을 참조하십시오.
d:\programming\pj\skillcontest3\emptyproject\dxut\optional\dxutgui.cpp(6860): warning C4458: 'dwTextFormat' 선언은 클래스 멤버를 숨깁니다.
  d:\programming\pj\skillcontest3\emptyproject\dxut\optional\dxutgui.h(111): note: 'CDXUTElement::dwTextFormat' 선언을 참조하십시오.
  DXUTres.cpp
  DXUTsettingsdlg.cpp
  SDKmesh.cpp
  SDKmisc.cpp
  Effect.cpp
d:\programming\pj\skillcontest3\emptyproject\effect.cpp(16): warning C4244: '=': 'float'에서 'int'(으)로 변환하면서 데이터가 손실될 수 있습니다.
d:\programming\pj\skillcontest3\emptyproject\effect.cpp(41): warning C4244: '=': 'unsigned int'에서 'float'(으)로 변환하면서 데이터가 손실될 수 있습니다.
  EmptyProject.cpp
d:\programming\pj\skillcontest3\emptyproject\emptyproject.cpp(132): warning C4244: '인수': 'time_t'에서 'unsigned int'(으)로 변환하면서 데이터가 손실될 수 있습니다.
  Enemy.cpp
d:\programming\pj\skillcontest3\emptyproject\bullet.h(38): warning C4244: 'return': 'int'에서 'float'(으)로 변환하면서 데이터가 손실될 수 있습니다.
d:\programming\pj\skillcontest3\emptyproject\enemy.cpp(74): warning C4244: '-=': 'float'에서 'int'(으)로 변환하면서 데이터가 손실될 수 있습니다.
d:\programming\pj\skillcontest3\emptyproject\enemy.cpp(79): warning C4458: 'scale' 선언은 클래스 멤버를 숨깁니다.
  d:\programming\pj\skillcontest3\emptyproject\object.h(12): note: 'Object::scale' 선언을 참조하십시오.
d:\programming\pj\skillcontest3\emptyproject\enemy.cpp(79): warning C4244: '초기화 중': 'int'에서 'float'(으)로 변환하면서 데이터가 손실될 수 있습니다.
d:\programming\pj\skillcontest3\emptyproject\enemy.cpp(80): warning C4189: 'num': 지역 변수가 초기화되었으나 참조되지 않았습니다.
  ImageManager.cpp
d:\programming\pj\skillcontest3\emptyproject\imagemanager.cpp(52): warning C4996: 'sprintf': This function or variable may be unsafe. Consider using sprintf_s instead. To disable deprecation, use _CRT_SECURE_NO_WARNINGS. See online help for details.
  c:\program files (x86)\windows kits\10\include\10.0.17763.0\ucrt\stdio.h(1774): note: 'sprintf' 선언을 참조하십시오.
d:\programming\pj\skillcontest3\emptyproject\imagemanager.cpp(76): warning C4838: 'FLOAT'에서 'LONG'(으)로의 변환에는 축소 변환이 필요합니다.
d:\programming\pj\skillcontest3\emptyproject\imagemanager.cpp(76): warning C4244: '초기화 중': 'FLOAT'에서 'LONG'(으)로 변환하면서 데이터가 손실될 수 있습니다.
d:\programming\pj\skillcontest3\emptyproject\imagemanager.cpp(99): warning C4838: 'FLOAT'에서 'LONG'(으)로의 변환에는 축소 변환이 필요합니다.
d:\programming\pj\skillcontest3\emptyproject\imagemanager.cpp(99): warning C4244: '초기화 중': 'FLOAT'에서 'LONG'(으)로 변환하면서 데이터가 손실될 수 있습니다.
  InGameScene.cpp
  InputManager.cpp
d:\programming\pj\skillcontest3\emptyproject\inputmanager.cpp(33): warning C4244: '=': 'LONG'에서 'FLOAT'(으)로 변환하면서 데이터가 손실될 수 있습니다.
d:\programming\pj\skillcontest3\emptyproject\inputmanager.cpp(34): warning C4244: '=': 'LONG'에서 'FLOAT'(으)로 변환하면서 데이터가 손실될 수 있습니다.
  컴파일하고 있습니다...
  Item.cpp
  LoadScene.cpp
  MainProc.cpp
  MeshLoader.cpp
d:\programming\pj\skillcontest3\emptyproject\meshloader.cpp(78): warning C4018: '<': signed 또는 unsigned가 일치하지 않습니다.
d:\programming\pj\skillcontest3\emptyproject\meshloader.cpp(103): warning C4456: 'str' 선언은 이전 로컬 선언을 숨깁니다.
  d:\programming\pj\skillcontest3\emptyproject\meshloader.cpp(58): note: 'str' 선언을 참조하십시오.
d:\programming\pj\skillcontest3\emptyproject\meshloader.cpp(279): warning C4456: 'str' 선언은 이전 로컬 선언을 숨깁니다.
  d:\programming\pj\skillcontest3\emptyproject\meshloader.cpp(162): note: 'str' 선언을 참조하십시오.
d:\programming\pj\skillcontest3\emptyproject\meshloader.cpp(292): warning C4018: '<': signed 또는 unsigned가 일치하지 않습니다.
d:\programming\pj\skillcontest3\emptyproject\meshloader.cpp(489): warning C4018: '<': signed 또는 unsigned가 일치하지 않습니다.
d:\programming\pj\skillcontest3\emptyproject\meshloader.cpp(554): warning C4456: 'size' 선언은 이전 로컬 선언을 숨깁니다.
  d:\programming\pj\skillcontest3\emptyproject\meshloader.cpp(450): note: 'size' 선언을 참조하십시오.
  MeshManager.cpp
d:\programming\pj\skillcontest3\emptyproject\meshmanager.cpp(36): warning C4996: 'sprintf': This function or variable may be unsafe. Consider using sprintf_s instead. To disable deprecation, use _CRT_SECURE_NO_WARNINGS. See online help for details.
  c:\program files (x86)\windows kits\10\include\10.0.17763.0\ucrt\stdio.h(1774): note: 'sprintf' 선언을 참조하십시오.
d:\programming\pj\skillcontest3\emptyproject\meshmanager.cpp(78): warning C4018: '<': signed 또는 unsigned가 일치하지 않습니다.
d:\programming\pj\skillcontest3\emptyproject\meshmanager.cpp(138): warning C4018: '<': signed 또는 unsigned가 일치하지 않습니다.
  Object.cpp
d:\programming\pj\skillcontest3\emptyproject\object.cpp(43): warning C4244: '초기화 중': 'FLOAT'에서 'int'(으)로 변환하면서 데이터가 손실될 수 있습니다.
d:\programming\pj\skillcontest3\emptyproject\object.cpp(44): warning C4244: '초기화 중': 'float'에서 'int'(으)로 변환하면서 데이터가 손실될 수 있습니다.
d:\programming\pj\skillcontest3\emptyproject\object.cpp(48): warning C4018: '>=': signed 또는 unsigned가 일치하지 않습니다.
d:\programming\pj\skillcontest3\emptyproject\object.cpp(54): warning C4458: 'color' 선언은 클래스 멤버를 숨깁니다.
  d:\programming\pj\skillcontest3\emptyproject\object.h(17): note: 'Object::color' 선언을 참조하십시오.
d:\programming\pj\skillcontest3\emptyproject\object.cpp(46): warning C4189: 'texW': 지역 변수가 초기화되었으나 참조되지 않았습니다.
d:\programming\pj\skillcontest3\emptyproject\object.cpp(127): warning C4244: '=': 'double'에서 'FLOAT'(으)로 변환하면서 데이터가 손실될 수 있습니다.
d:\programming\pj\skillcontest3\emptyproject\object.cpp(128): warning C4244: '=': 'double'에서 'FLOAT'(으)로 변환하면서 데이터가 손실될 수 있습니다.
d:\programming\pj\skillcontest3\emptyproject\object.cpp(131): warning C4244: '=': 'double'에서 'FLOAT'(으)로 변환하면서 데이터가 손실될 수 있습니다.
d:\programming\pj\skillcontest3\emptyproject\object.cpp(132): warning C4244: '=': 'double'에서 'FLOAT'(으)로 변환하면서 데이터가 손실될 수 있습니다.
d:\programming\pj\skillcontest3\emptyproject\object.cpp(143): warning C4244: '=': 'double'에서 'FLOAT'(으)로 변환하면서 데이터가 손실될 수 있습니다.
d:\programming\pj\skillcontest3\emptyproject\object.cpp(144): warning C4244: '=': 'double'에서 'FLOAT'(으)로 변환하면서 데이터가 손실될 수 있습니다.
d:\programming\pj\skillcontest3\emptyproject\object.cpp(174): warning C4189: 'd': 지역 변수가 초기화되었으나 참조되지 않았습니다.
  ObjectManager.cpp
  Particle.cpp
d:\programming\pj\skillcontest3\emptyproject\particle.cpp(35): warning C4244: '=': 'int'에서 'float'(으)로 변환하면서 데이터가 손실될 수 있습니다.
d:\programming\pj\skillcontest3\emptyproject\particle.cpp(50): warning C4458: 'rotate' 선언은 클래스 멤버를 숨깁니다.
  d:\programming\pj\skillcontest3\emptyproject\object.h(13): note: 'Object::rotate' 선언을 참조하십시오.
d:\programming\pj\skillcontest3\emptyproject\particle.cpp(50): warning C4458: 'scale' 선언은 클래스 멤버를 숨깁니다.
  d:\programming\pj\skillcontest3\emptyproject\object.h(12): note: 'Object::scale' 선언을 참조하십시오.
  Player.cpp
d:\programming\pj\skillcontest3\emptyproject\bullet.h(38): warning C4244: 'return': 'int'에서 'float'(으)로 변환하면서 데이터가 손실될 수 있습니다.
d:\programming\pj\skillcontest3\emptyproject\player.cpp(103): warning C4244: '초기화 중': 'int'에서 'float'(으)로 변환하면서 데이터가 손실될 수 있습니다.
d:\programming\pj\skillcontest3\emptyproject\player.cpp(104): warning C4244: '초기화 중': 'int'에서 'float'(으)로 변환하면서 데이터가 손실될 수 있습니다.
d:\programming\pj\skillcontest3\emptyproject\player.cpp(130): warning C4018: '<': signed 또는 unsigned가 일치하지 않습니다.
d:\programming\pj\skillcontest3\emptyproject\player.cpp(222): warning C4244: '=': 'DWORD'에서 'float'(으)로 변환하면서 데이터가 손실될 수 있습니다.
  PlayerArm.cpp
d:\programming\pj\skillcontest3\emptyproject\bullet.h(38): warning C4244: 'return': 'int'에서 'float'(으)로 변환하면서 데이터가 손실될 수 있습니다.
d:\programming\pj\skillcontest3\emptyproject\playerarm.cpp(22): warning C4018: '<': signed 또는 unsigned가 일치하지 않습니다.
d:\programming\pj\skillcontest3\emptyproject\playerarm.cpp(129): warning C4244: '=': 'int'에서 'float'(으)로 변환하면서 데이터가 손실될 수 있습니다.
  PlayerAttack.cpp
d:\programming\pj\skillcontest3\emptyproject\bullet.h(38): warning C4244: 'return': 'int'에서 'float'(으)로 변환하면서 데이터가 손실될 수 있습니다.
  SceneManager.cpp
  SkyBox.cpp
  Stone.cpp
  SvCamera.cpp
  Utility.cpp
  코드를 생성하고 있습니다.
  0 of 2709 functions ( 0.0%) were compiled, the rest were copied from previous compilation.
    0 functions were new in current compilation
    0 functions had inline decision re-evaluated but remain unchanged
  코드를 생성했습니다.
  EmptyProject_2010.vcxproj -> D:\Programming\PJ\SkillContest3\EmptyProject\Release\EmptyProject.exe
